2019-11-29 15:43:25.305 [main] INFO  org.hmf.rs.RightslipApplication[50] - Starting RightslipApplication on DESKTOP-NHGP35N with PID 23640 (D:\a_wepy\rightslip3\target\classes started by A in D:\a_wepy\rightslip3)
2019-11-29 15:43:25.317 [main] INFO  org.hmf.rs.RightslipApplication[679] - The following profiles are active: dev
2019-11-29 15:43:28.962 [main] INFO  o.s.c.s.PostProcessorRegistrationDelegate$BeanPostProcessorChecker[330] - Bean 'org.springframework.transaction.annotation.ProxyTransactionManagementConfiguration' of type [org.springframework.transaction.annotation.ProxyTransactionManagementConfiguration$$EnhancerBySpringCGLIB$$ccd9e621] is not eligible for getting processed by all BeanPostProcessors (for example: not eligible for auto-proxying)
2019-11-29 15:43:29.116 [main] INFO  o.s.c.s.PostProcessorRegistrationDelegate$BeanPostProcessorChecker[330] - Bean 'org.springframework.hateoas.config.HateoasConfiguration' of type [org.springframework.hateoas.config.HateoasConfiguration$$EnhancerBySpringCGLIB$$4c5a3353] is not eligible for getting processed by all BeanPostProcessors (for example: not eligible for auto-proxying)
2019-11-29 15:43:29.740 [main] INFO  o.s.boot.web.embedded.tomcat.TomcatWebServer[90] - Tomcat initialized with port(s): 8080 (http)
2019-11-29 15:43:29.764 [main] INFO  org.apache.coyote.http11.Http11NioProtocol[173] - Initializing ProtocolHandler ["http-nio-8080"]
2019-11-29 15:43:29.786 [main] INFO  org.apache.catalina.core.StandardService[173] - Starting service [Tomcat]
2019-11-29 15:43:29.786 [main] INFO  org.apache.catalina.core.StandardEngine[173] - Starting Servlet Engine: Apache Tomcat/9.0.13
2019-11-29 15:43:29.800 [main] INFO  org.apache.catalina.core.AprLifecycleListener[173] - The APR based Apache Tomcat Native library which allows optimal performance in production environments was not found on the java.library.path: [C:\Program Files\Java\jdk1.8.0_202\bin;C:\Windows\Sun\Java\bin;C:\Windows\system32;C:\Windows;C:\Program Files (x86)\Common Files\Oracle\Java\javapath;D:\Program Files (x86)\NetSarang\Xshell 6\;C:\Windows\system32;C:\Windows;C:\Windows\System32\Wbem;C:\Windows\System32\WindowsPowerShell\v1.0\;C:\Windows\System32\OpenSSH\;C:\Program Files (x86)\Windows Kits\8.1\Windows Performance Toolkit\;C:\Program Files\Microsoft SQL Server\110\Tools\Binn\;C:\Program Files (x86)\Microsoft SDKs\TypeScript\1.0\;C:\Program Files\Microsoft SQL Server\120\Tools\Binn\;%JAVA_HOME%\bin;%JAVA_HOME%\jre\bin;C:\Program Files\Git\cmd;C:\Program Files\TortoiseGit\bin;C:\Program Files\nodejs\;D:\sorftware\TortoiseSVN\bin;C:\Users\A\AppData\Local\Programs\Python\Python36\Scripts\;C:\Users\A\AppData\Local\Programs\Python\Python36\;C:\Users\A\AppData\Local\Microsoft\WindowsApps;;D:\Program Files\JetBrains\CLion 2019.2.1\bin;;C:\Users\A\AppData\Roaming\npm;.]
2019-11-29 15:43:30.068 [main] INFO  o.a.c.core.ContainerBase.[Tomcat].[localhost].[/][173] - Initializing Spring embedded WebApplicationContext
2019-11-29 15:43:30.069 [main] INFO  org.springframework.web.context.ContextLoader[296] - Root WebApplicationContext: initialization completed in 4590 ms
2019-11-29 15:43:33.249 [main] INFO  o.s.scheduling.concurrent.ThreadPoolTaskScheduler[171] - Initializing ExecutorService 'taskScheduler'
2019-11-29 15:43:33.361 [main] INFO  s.d.s.web.plugins.DocumentationPluginsBootstrapper[80] - Context refreshed
2019-11-29 15:43:33.393 [main] INFO  s.d.s.web.plugins.DocumentationPluginsBootstrapper[83] - Found {0} custom documentation plugin(s)
2019-11-29 15:43:33.413 [main] INFO  s.d.spring.web.scanners.ApiListingReferenceScanner[53] - Scanning for api listing references
2019-11-29 15:43:33.421 [main] INFO  s.d.s.web.ClassOrApiAnnotationResourceGrouping[100] - Group for method shareXcx was app-common-controller
2019-11-29 15:43:33.425 [main] INFO  s.d.spring.web.scanners.ApiListingReferenceScanner[72] - Request mapping: shareXcx belongs to groups: [[ResourceGroup{groupName='app-common-controller', position=0, controller=org.hmf.rs.app.AppCommonController}]] 
2019-11-29 15:43:33.427 [main] INFO  s.d.s.web.ClassOrApiAnnotationResourceGrouping[100] - Group for method getVersion was app-common-controller
2019-11-29 15:43:33.427 [main] INFO  s.d.spring.web.scanners.ApiListingReferenceScanner[72] - Request mapping: getVersion belongs to groups: [[ResourceGroup{groupName='app-common-controller', position=0, controller=org.hmf.rs.app.AppCommonController}]] 
2019-11-29 15:43:33.428 [main] INFO  s.d.s.web.ClassOrApiAnnotationResourceGrouping[100] - Group for method getPlaceInfo was app-common-controller
2019-11-29 15:43:33.428 [main] INFO  s.d.spring.web.scanners.ApiListingReferenceScanner[72] - Request mapping: getPlaceInfo belongs to groups: [[ResourceGroup{groupName='app-common-controller', position=0, controller=org.hmf.rs.app.AppCommonController}]] 
2019-11-29 15:43:33.429 [main] INFO  s.d.s.web.ClassOrApiAnnotationResourceGrouping[100] - Group for method getUserInfo was app-common-controller
2019-11-29 15:43:33.429 [main] INFO  s.d.spring.web.scanners.ApiListingReferenceScanner[72] - Request mapping: getUserInfo belongs to groups: [[ResourceGroup{groupName='app-common-controller', position=0, controller=org.hmf.rs.app.AppCommonController}]] 
2019-11-29 15:43:33.430 [main] INFO  s.d.s.web.ClassOrApiAnnotationResourceGrouping[100] - Group for method setVersion was app-common-controller
2019-11-29 15:43:33.431 [main] INFO  s.d.spring.web.scanners.ApiListingReferenceScanner[72] - Request mapping: setVersion belongs to groups: [[ResourceGroup{groupName='app-common-controller', position=0, controller=org.hmf.rs.app.AppCommonController}]] 
2019-11-29 15:43:33.433 [main] INFO  s.d.s.web.ClassOrApiAnnotationResourceGrouping[100] - Group for method sharePlace was app-common-controller
2019-11-29 15:43:33.434 [main] INFO  s.d.spring.web.scanners.ApiListingReferenceScanner[72] - Request mapping: sharePlace belongs to groups: [[ResourceGroup{groupName='app-common-controller', position=0, controller=org.hmf.rs.app.AppCommonController}]] 
2019-11-29 15:43:33.435 [main] INFO  s.d.s.web.ClassOrApiAnnotationResourceGrouping[100] - Group for method shareUser was app-common-controller
2019-11-29 15:43:33.436 [main] INFO  s.d.spring.web.scanners.ApiListingReferenceScanner[72] - Request mapping: shareUser belongs to groups: [[ResourceGroup{groupName='app-common-controller', position=0, controller=org.hmf.rs.app.AppCommonController}]] 
2019-11-29 15:43:33.437 [main] INFO  s.d.s.web.ClassOrApiAnnotationResourceGrouping[100] - Group for method getFirstTypeItem was app-common-controller
2019-11-29 15:43:33.437 [main] INFO  s.d.spring.web.scanners.ApiListingReferenceScanner[72] - Request mapping: getFirstTypeItem belongs to groups: [[ResourceGroup{groupName='app-common-controller', position=0, controller=org.hmf.rs.app.AppCommonController}]] 
2019-11-29 15:43:33.438 [main] INFO  s.d.s.web.ClassOrApiAnnotationResourceGrouping[100] - Group for method getTypeItem was app-common-controller
2019-11-29 15:43:33.438 [main] INFO  s.d.spring.web.scanners.ApiListingReferenceScanner[72] - Request mapping: getTypeItem belongs to groups: [[ResourceGroup{groupName='app-common-controller', position=0, controller=org.hmf.rs.app.AppCommonController}]] 
2019-11-29 15:43:33.438 [main] INFO  s.d.s.web.ClassOrApiAnnotationResourceGrouping[100] - Group for method checkInfo was app-token-controller
2019-11-29 15:43:33.439 [main] INFO  s.d.spring.web.scanners.ApiListingReferenceScanner[72] - Request mapping: checkInfo belongs to groups: [[ResourceGroup{groupName='app-token-controller', position=0, controller=org.hmf.rs.app.AppTokenController}]] 
2019-11-29 15:43:33.439 [main] INFO  s.d.s.web.ClassOrApiAnnotationResourceGrouping[100] - Group for method check was app-token-controller
2019-11-29 15:43:33.439 [main] INFO  s.d.spring.web.scanners.ApiListingReferenceScanner[72] - Request mapping: check belongs to groups: [[ResourceGroup{groupName='app-token-controller', position=0, controller=org.hmf.rs.app.AppTokenController}]] 
2019-11-29 15:43:33.440 [main] INFO  s.d.s.web.ClassOrApiAnnotationResourceGrouping[100] - Group for method delImage was app-token-controller
2019-11-29 15:43:33.440 [main] INFO  s.d.spring.web.scanners.ApiListingReferenceScanner[72] - Request mapping: delImage belongs to groups: [[ResourceGroup{groupName='app-token-controller', position=0, controller=org.hmf.rs.app.AppTokenController}]] 
2019-11-29 15:43:33.440 [main] INFO  s.d.s.web.ClassOrApiAnnotationResourceGrouping[100] - Group for method placeInfo was app-token-controller
2019-11-29 15:43:33.441 [main] INFO  s.d.spring.web.scanners.ApiListingReferenceScanner[72] - Request mapping: placeInfo belongs to groups: [[ResourceGroup{groupName='app-token-controller', position=0, controller=org.hmf.rs.app.AppTokenController}]] 
2019-11-29 15:43:33.441 [main] INFO  s.d.s.web.ClassOrApiAnnotationResourceGrouping[100] - Group for method setMark was app-token-controller
2019-11-29 15:43:33.441 [main] INFO  s.d.spring.web.scanners.ApiListingReferenceScanner[72] - Request mapping: setMark belongs to groups: [[ResourceGroup{groupName='app-token-controller', position=0, controller=org.hmf.rs.app.AppTokenController}]] 
2019-11-29 15:43:33.442 [main] INFO  s.d.s.web.ClassOrApiAnnotationResourceGrouping[100] - Group for method cancel was app-token-controller
2019-11-29 15:43:33.442 [main] INFO  s.d.spring.web.scanners.ApiListingReferenceScanner[72] - Request mapping: cancel belongs to groups: [[ResourceGroup{groupName='app-token-controller', position=0, controller=org.hmf.rs.app.AppTokenController}]] 
2019-11-29 15:43:33.442 [main] INFO  s.d.s.web.ClassOrApiAnnotationResourceGrouping[100] - Group for method confirm was app-token-controller
2019-11-29 15:43:33.443 [main] INFO  s.d.spring.web.scanners.ApiListingReferenceScanner[72] - Request mapping: confirm belongs to groups: [[ResourceGroup{groupName='app-token-controller', position=0, controller=org.hmf.rs.app.AppTokenController}]] 
2019-11-29 15:43:33.443 [main] INFO  s.d.s.web.ClassOrApiAnnotationResourceGrouping[100] - Group for method getMeetReward was app-token-controller
2019-11-29 15:43:33.444 [main] INFO  s.d.spring.web.scanners.ApiListingReferenceScanner[72] - Request mapping: getMeetReward belongs to groups: [[ResourceGroup{groupName='app-token-controller', position=0, controller=org.hmf.rs.app.AppTokenController}]] 
2019-11-29 15:43:33.445 [main] INFO  s.d.s.web.ClassOrApiAnnotationResourceGrouping[100] - Group for method getMatch was app-token-controller
2019-11-29 15:43:33.448 [main] INFO  s.d.spring.web.scanners.ApiListingReferenceScanner[72] - Request mapping: getMatch belongs to groups: [[ResourceGroup{groupName='app-token-controller', position=0, controller=org.hmf.rs.app.AppTokenController}]] 
2019-11-29 15:43:33.450 [main] INFO  s.d.s.web.ClassOrApiAnnotationResourceGrouping[100] - Group for method matchUserList was app-token-controller
2019-11-29 15:43:33.450 [main] INFO  s.d.spring.web.scanners.ApiListingReferenceScanner[72] - Request mapping: matchUserList belongs to groups: [[ResourceGroup{groupName='app-token-controller', position=0, controller=org.hmf.rs.app.AppTokenController}]] 
2019-11-29 15:43:33.451 [main] INFO  s.d.s.web.ClassOrApiAnnotationResourceGrouping[100] - Group for method getMarkReward was app-token-controller
2019-11-29 15:43:33.452 [main] INFO  s.d.spring.web.scanners.ApiListingReferenceScanner[72] - Request mapping: getMarkReward belongs to groups: [[ResourceGroup{groupName='app-token-controller', position=0, controller=org.hmf.rs.app.AppTokenController}]] 
2019-11-29 15:43:33.452 [main] INFO  s.d.s.web.ClassOrApiAnnotationResourceGrouping[100] - Group for method getPlaceList was app-token-controller
2019-11-29 15:43:33.453 [main] INFO  s.d.spring.web.scanners.ApiListingReferenceScanner[72] - Request mapping: getPlaceList belongs to groups: [[ResourceGroup{groupName='app-token-controller', position=0, controller=org.hmf.rs.app.AppTokenController}]] 
2019-11-29 15:43:33.454 [main] INFO  s.d.s.web.ClassOrApiAnnotationResourceGrouping[100] - Group for method getUserList was app-token-controller
2019-11-29 15:43:33.454 [main] INFO  s.d.spring.web.scanners.ApiListingReferenceScanner[72] - Request mapping: getUserList belongs to groups: [[ResourceGroup{groupName='app-token-controller', position=0, controller=org.hmf.rs.app.AppTokenController}]] 
2019-11-29 15:43:33.455 [main] INFO  s.d.s.web.ClassOrApiAnnotationResourceGrouping[100] - Group for method addAdmire was app-token-controller
2019-11-29 15:43:33.456 [main] INFO  s.d.spring.web.scanners.ApiListingReferenceScanner[72] - Request mapping: addAdmire belongs to groups: [[ResourceGroup{groupName='app-token-controller', position=0, controller=org.hmf.rs.app.AppTokenController}]] 
2019-11-29 15:43:33.456 [main] INFO  s.d.s.web.ClassOrApiAnnotationResourceGrouping[100] - Group for method upload was app-token-controller
2019-11-29 15:43:33.457 [main] INFO  s.d.spring.web.scanners.ApiListingReferenceScanner[72] - Request mapping: upload belongs to groups: [[ResourceGroup{groupName='app-token-controller', position=0, controller=org.hmf.rs.app.AppTokenController}]] 
2019-11-29 15:43:33.458 [main] INFO  s.d.s.web.ClassOrApiAnnotationResourceGrouping[100] - Group for method uploads was app-token-controller
2019-11-29 15:43:33.459 [main] INFO  s.d.spring.web.scanners.ApiListingReferenceScanner[72] - Request mapping: uploads belongs to groups: [[ResourceGroup{groupName='app-token-controller', position=0, controller=org.hmf.rs.app.AppTokenController}]] 
2019-11-29 15:43:33.460 [main] INFO  s.d.s.web.ClassOrApiAnnotationResourceGrouping[100] - Group for method getBaseInfo was app-token-controller
2019-11-29 15:43:33.460 [main] INFO  s.d.spring.web.scanners.ApiListingReferenceScanner[72] - Request mapping: getBaseInfo belongs to groups: [[ResourceGroup{groupName='app-token-controller', position=0, controller=org.hmf.rs.app.AppTokenController}]] 
2019-11-29 15:43:33.463 [main] INFO  s.d.s.web.ClassOrApiAnnotationResourceGrouping[100] - Group for method getInfoStatus was app-token-controller
2019-11-29 15:43:33.464 [main] INFO  s.d.spring.web.scanners.ApiListingReferenceScanner[72] - Request mapping: getInfoStatus belongs to groups: [[ResourceGroup{groupName='app-token-controller', position=0, controller=org.hmf.rs.app.AppTokenController}]] 
2019-11-29 15:43:33.465 [main] INFO  s.d.s.web.ClassOrApiAnnotationResourceGrouping[100] - Group for method allSelfInfo was app-token-controller
2019-11-29 15:43:33.465 [main] INFO  s.d.spring.web.scanners.ApiListingReferenceScanner[72] - Request mapping: allSelfInfo belongs to groups: [[ResourceGroup{groupName='app-token-controller', position=0, controller=org.hmf.rs.app.AppTokenController}]] 
2019-11-29 15:43:33.466 [main] INFO  s.d.s.web.ClassOrApiAnnotationResourceGrouping[100] - Group for method selfInfo was app-token-controller
2019-11-29 15:43:33.466 [main] INFO  s.d.spring.web.scanners.ApiListingReferenceScanner[72] - Request mapping: selfInfo belongs to groups: [[ResourceGroup{groupName='app-token-controller', position=0, controller=org.hmf.rs.app.AppTokenController}]] 
2019-11-29 15:43:33.467 [main] INFO  s.d.s.web.ClassOrApiAnnotationResourceGrouping[100] - Group for method sendSms was app-token-controller
2019-11-29 15:43:33.467 [main] INFO  s.d.spring.web.scanners.ApiListingReferenceScanner[72] - Request mapping: sendSms belongs to groups: [[ResourceGroup{groupName='app-token-controller', position=0, controller=org.hmf.rs.app.AppTokenController}]] 
2019-11-29 15:43:33.468 [main] INFO  s.d.s.web.ClassOrApiAnnotationResourceGrouping[100] - Group for method setFriendInfo was app-token-controller
2019-11-29 15:43:33.468 [main] INFO  s.d.spring.web.scanners.ApiListingReferenceScanner[72] - Request mapping: setFriendInfo belongs to groups: [[ResourceGroup{groupName='app-token-controller', position=0, controller=org.hmf.rs.app.AppTokenController}]] 
2019-11-29 15:43:33.469 [main] INFO  s.d.s.web.ClassOrApiAnnotationResourceGrouping[100] - Group for method setTypeItem was app-token-controller
2019-11-29 15:43:33.469 [main] INFO  s.d.spring.web.scanners.ApiListingReferenceScanner[72] - Request mapping: setTypeItem belongs to groups: [[ResourceGroup{groupName='app-token-controller', position=0, controller=org.hmf.rs.app.AppTokenController}]] 
2019-11-29 15:43:33.469 [main] INFO  s.d.s.web.ClassOrApiAnnotationResourceGrouping[100] - Group for method verifySms was app-token-controller
2019-11-29 15:43:33.470 [main] INFO  s.d.spring.web.scanners.ApiListingReferenceScanner[72] - Request mapping: verifySms belongs to groups: [[ResourceGroup{groupName='app-token-controller', position=0, controller=org.hmf.rs.app.AppTokenController}]] 
2019-11-29 15:43:33.470 [main] INFO  s.d.s.web.ClassOrApiAnnotationResourceGrouping[100] - Group for method getSelf was app-token-controller
2019-11-29 15:43:33.471 [main] INFO  s.d.spring.web.scanners.ApiListingReferenceScanner[72] - Request mapping: getSelf belongs to groups: [[ResourceGroup{groupName='app-token-controller', position=0, controller=org.hmf.rs.app.AppTokenController}]] 
2019-11-29 15:43:33.495 [main] INFO  s.d.spring.web.scanners.ApiListingReferenceScanner[84] - Created resource listing Path: /default/app-common-controller Description: app-common-controller Position: 0
2019-11-29 15:43:33.499 [main] INFO  s.d.spring.web.scanners.ApiListingReferenceScanner[84] - Created resource listing Path: /default/app-token-controller Description: app-token-controller Position: 0
2019-11-29 15:43:33.550 [main] INFO  s.documentation.schema.ModelContextKeyGenerator[46] - Cache Key Generated: org.hmf.rs.vxdto.TypeItemDto(true)
2019-11-29 15:43:33.550 [main] INFO  s.documentation.spring.web.caching.CachingAspect[79] - Caching aspect applied for cache models with key org.hmf.rs.vxdto.TypeItemDto(true)
2019-11-29 15:43:33.558 [main] INFO  s.d.schema.property.ModelPropertiesKeyGenerator[48] - Cache key generated: org.hmf.rs.vxdto.TypeItemDto(true)
2019-11-29 15:43:33.558 [main] INFO  s.documentation.spring.web.caching.CachingAspect[68] - Caching aspect applied for cache modelProperties with key org.hmf.rs.vxdto.TypeItemDto(true)
2019-11-29 15:43:33.609 [main] INFO  s.documentation.schema.ModelContextKeyGenerator[46] - Cache Key Generated: org.hmf.rs.vxdto.TypeItemDto(true)
2019-11-29 15:43:33.609 [main] INFO  s.documentation.spring.web.caching.CachingAspect[79] - Caching aspect applied for cache modelDependencies with key org.hmf.rs.vxdto.TypeItemDto(true)
2019-11-29 15:43:33.614 [main] INFO  s.d.schema.property.ModelPropertiesKeyGenerator[48] - Cache key generated: org.hmf.rs.vxdto.TypeItemDto(true)
2019-11-29 15:43:33.614 [main] INFO  s.documentation.spring.web.caching.CachingAspect[68] - Caching aspect applied for cache modelProperties with key org.hmf.rs.vxdto.TypeItemDto(true)
2019-11-29 15:43:33.616 [main] INFO  s.d.schema.property.ModelPropertiesKeyGenerator[48] - Cache key generated: org.hmf.rs.vxdto.InfoDto(true)
2019-11-29 15:43:33.617 [main] INFO  s.documentation.spring.web.caching.CachingAspect[68] - Caching aspect applied for cache modelProperties with key org.hmf.rs.vxdto.InfoDto(true)
2019-11-29 15:43:33.622 [main] INFO  s.d.schema.property.ModelPropertiesKeyGenerator[48] - Cache key generated: org.hmf.rs.vxdto.InfoDto(true)
2019-11-29 15:43:33.623 [main] INFO  s.documentation.spring.web.caching.CachingAspect[68] - Caching aspect applied for cache modelProperties with key org.hmf.rs.vxdto.InfoDto(true)
2019-11-29 15:43:33.625 [main] INFO  s.documentation.spring.web.OperationsKeyGenerator[51] - Cache key generated: /app/common/user/getFirstTypeItem/{placeId}.org.hmf.rs.app.AppCommonController.getFirstTypeItem.DefaultGenericTypeNamingStrategy
2019-11-29 15:43:33.626 [main] INFO  s.documentation.spring.web.caching.CachingAspect[68] - Caching aspect applied for cache operations with key /app/common/user/getFirstTypeItem/{placeId}.org.hmf.rs.app.AppCommonController.getFirstTypeItem.DefaultGenericTypeNamingStrategy
2019-11-29 15:43:33.660 [main] INFO  s.d.s.web.ClassOrApiAnnotationResourceGrouping[100] - Group for method getFirstTypeItem was app-common-controller
2019-11-29 15:43:33.690 [main] INFO  s.d.s.web.ClassOrApiAnnotationResourceGrouping[100] - Group for method getFirstTypeItem was app-common-controller
2019-11-29 15:43:33.708 [main] INFO  s.documentation.schema.ModelContextKeyGenerator[46] - Cache Key Generated: org.hmf.rs.vxdto.PlaceInfoDto(true)
2019-11-29 15:43:33.709 [main] INFO  s.documentation.spring.web.caching.CachingAspect[79] - Caching aspect applied for cache models with key org.hmf.rs.vxdto.PlaceInfoDto(true)
2019-11-29 15:43:33.710 [main] INFO  s.d.schema.property.ModelPropertiesKeyGenerator[48] - Cache key generated: org.hmf.rs.vxdto.PlaceInfoDto(true)
2019-11-29 15:43:33.710 [main] INFO  s.documentation.spring.web.caching.CachingAspect[68] - Caching aspect applied for cache modelProperties with key org.hmf.rs.vxdto.PlaceInfoDto(true)
2019-11-29 15:43:33.720 [main] INFO  s.documentation.schema.ModelContextKeyGenerator[46] - Cache Key Generated: org.hmf.rs.vxdto.PlaceInfoDto(true)
2019-11-29 15:43:33.720 [main] INFO  s.documentation.spring.web.caching.CachingAspect[79] - Caching aspect applied for cache modelDependencies with key org.hmf.rs.vxdto.PlaceInfoDto(true)
2019-11-29 15:43:33.720 [main] INFO  s.d.schema.property.ModelPropertiesKeyGenerator[48] - Cache key generated: org.hmf.rs.vxdto.PlaceInfoDto(true)
2019-11-29 15:43:33.721 [main] INFO  s.documentation.spring.web.caching.CachingAspect[68] - Caching aspect applied for cache modelProperties with key org.hmf.rs.vxdto.PlaceInfoDto(true)
2019-11-29 15:43:33.722 [main] INFO  s.documentation.spring.web.OperationsKeyGenerator[51] - Cache key generated: /app/common/place/getPlaceInfo.org.hmf.rs.app.AppCommonController.getPlaceInfo.DefaultGenericTypeNamingStrategy
2019-11-29 15:43:33.722 [main] INFO  s.documentation.spring.web.caching.CachingAspect[68] - Caching aspect applied for cache operations with key /app/common/place/getPlaceInfo.org.hmf.rs.app.AppCommonController.getPlaceInfo.DefaultGenericTypeNamingStrategy
2019-11-29 15:43:33.733 [main] INFO  s.d.s.web.ClassOrApiAnnotationResourceGrouping[100] - Group for method getPlaceInfo was app-common-controller
2019-11-29 15:43:33.735 [main] INFO  s.d.s.web.ClassOrApiAnnotationResourceGrouping[100] - Group for method getPlaceInfo was app-common-controller
2019-11-29 15:43:33.740 [main] INFO  s.documentation.schema.ModelContextKeyGenerator[46] - Cache Key Generated: org.hmf.rs.vxdto.TypeItemDto(true)
2019-11-29 15:43:33.741 [main] INFO  s.documentation.spring.web.caching.CachingAspect[79] - Caching aspect applied for cache models with key org.hmf.rs.vxdto.TypeItemDto(true)
2019-11-29 15:43:33.741 [main] INFO  s.documentation.schema.ModelContextKeyGenerator[46] - Cache Key Generated: org.hmf.rs.vxdto.TypeItemDto(true)
2019-11-29 15:43:33.742 [main] INFO  s.documentation.spring.web.caching.CachingAspect[79] - Caching aspect applied for cache modelDependencies with key org.hmf.rs.vxdto.TypeItemDto(true)
2019-11-29 15:43:33.743 [main] INFO  s.d.schema.property.ModelPropertiesKeyGenerator[48] - Cache key generated: org.hmf.rs.vxdto.InfoDto(true)
2019-11-29 15:43:33.743 [main] INFO  s.documentation.spring.web.caching.CachingAspect[68] - Caching aspect applied for cache modelProperties with key org.hmf.rs.vxdto.InfoDto(true)
2019-11-29 15:43:33.744 [main] INFO  s.documentation.spring.web.OperationsKeyGenerator[51] - Cache key generated: /app/common/user/getTypeItem/{placeId}.org.hmf.rs.app.AppCommonController.getTypeItem.DefaultGenericTypeNamingStrategy
2019-11-29 15:43:33.744 [main] INFO  s.documentation.spring.web.caching.CachingAspect[68] - Caching aspect applied for cache operations with key /app/common/user/getTypeItem/{placeId}.org.hmf.rs.app.AppCommonController.getTypeItem.DefaultGenericTypeNamingStrategy
2019-11-29 15:43:33.750 [main] INFO  s.d.s.web.ClassOrApiAnnotationResourceGrouping[100] - Group for method getTypeItem was app-common-controller
2019-11-29 15:43:33.752 [main] INFO  s.d.s.web.ClassOrApiAnnotationResourceGrouping[100] - Group for method getTypeItem was app-common-controller
2019-11-29 15:43:33.756 [main] INFO  s.documentation.schema.ModelContextKeyGenerator[46] - Cache Key Generated: org.hmf.rs.vxdto.UserMsgDto(true)
2019-11-29 15:43:33.756 [main] INFO  s.documentation.spring.web.caching.CachingAspect[79] - Caching aspect applied for cache models with key org.hmf.rs.vxdto.UserMsgDto(true)
2019-11-29 15:43:33.756 [main] INFO  s.d.schema.property.ModelPropertiesKeyGenerator[48] - Cache key generated: org.hmf.rs.vxdto.UserMsgDto(true)
2019-11-29 15:43:33.756 [main] INFO  s.documentation.spring.web.caching.CachingAspect[68] - Caching aspect applied for cache modelProperties with key org.hmf.rs.vxdto.UserMsgDto(true)
2019-11-29 15:43:33.768 [main] INFO  s.documentation.schema.ModelContextKeyGenerator[46] - Cache Key Generated: org.hmf.rs.vxdto.UserMsgDto(true)
2019-11-29 15:43:33.769 [main] INFO  s.documentation.spring.web.caching.CachingAspect[79] - Caching aspect applied for cache modelDependencies with key org.hmf.rs.vxdto.UserMsgDto(true)
2019-11-29 15:43:33.770 [main] INFO  s.d.schema.property.ModelPropertiesKeyGenerator[48] - Cache key generated: org.hmf.rs.vxdto.UserMsgDto(true)
2019-11-29 15:43:33.771 [main] INFO  s.documentation.spring.web.caching.CachingAspect[68] - Caching aspect applied for cache modelProperties with key org.hmf.rs.vxdto.UserMsgDto(true)
2019-11-29 15:43:33.772 [main] INFO  s.d.schema.property.ModelPropertiesKeyGenerator[48] - Cache key generated: org.hmf.rs.vxdto.TypeItemUserDto(true)
2019-11-29 15:43:33.773 [main] INFO  s.documentation.spring.web.caching.CachingAspect[68] - Caching aspect applied for cache modelProperties with key org.hmf.rs.vxdto.TypeItemUserDto(true)
2019-11-29 15:43:33.777 [main] INFO  s.d.schema.property.ModelPropertiesKeyGenerator[48] - Cache key generated: org.hmf.rs.vxdto.TypeItemUserDto(true)
2019-11-29 15:43:33.778 [main] INFO  s.documentation.spring.web.caching.CachingAspect[68] - Caching aspect applied for cache modelProperties with key org.hmf.rs.vxdto.TypeItemUserDto(true)
2019-11-29 15:43:33.779 [main] INFO  s.documentation.spring.web.OperationsKeyGenerator[51] - Cache key generated: /app/common/place/getUserInfo/{userId}/{typeId}.org.hmf.rs.app.AppCommonController.getUserInfo.DefaultGenericTypeNamingStrategy
2019-11-29 15:43:33.780 [main] INFO  s.documentation.spring.web.caching.CachingAspect[68] - Caching aspect applied for cache operations with key /app/common/place/getUserInfo/{userId}/{typeId}.org.hmf.rs.app.AppCommonController.getUserInfo.DefaultGenericTypeNamingStrategy
2019-11-29 15:43:33.787 [main] INFO  s.d.s.web.ClassOrApiAnnotationResourceGrouping[100] - Group for method getUserInfo was app-common-controller
2019-11-29 15:43:33.789 [main] INFO  s.d.s.web.ClassOrApiAnnotationResourceGrouping[100] - Group for method getUserInfo was app-common-controller
2019-11-29 15:43:33.796 [main] INFO  s.documentation.schema.ModelContextKeyGenerator[46] - Cache Key Generated: java.lang.Integer(true)
2019-11-29 15:43:33.796 [main] INFO  s.documentation.spring.web.caching.CachingAspect[79] - Caching aspect applied for cache models with key java.lang.Integer(true)
2019-11-29 15:43:33.797 [main] INFO  s.documentation.schema.ModelContextKeyGenerator[46] - Cache Key Generated: java.lang.Integer(true)
2019-11-29 15:43:33.797 [main] INFO  s.documentation.spring.web.caching.CachingAspect[79] - Caching aspect applied for cache modelDependencies with key java.lang.Integer(true)
2019-11-29 15:43:33.798 [main] INFO  s.documentation.spring.web.OperationsKeyGenerator[51] - Cache key generated: /app/common/getVersion.org.hmf.rs.app.AppCommonController.getVersion.DefaultGenericTypeNamingStrategy
2019-11-29 15:43:33.798 [main] INFO  s.documentation.spring.web.caching.CachingAspect[68] - Caching aspect applied for cache operations with key /app/common/getVersion.org.hmf.rs.app.AppCommonController.getVersion.DefaultGenericTypeNamingStrategy
2019-11-29 15:43:33.800 [main] INFO  s.d.s.web.ClassOrApiAnnotationResourceGrouping[100] - Group for method getVersion was app-common-controller
2019-11-29 15:43:33.803 [main] INFO  s.d.s.web.ClassOrApiAnnotationResourceGrouping[100] - Group for method getVersion was app-common-controller
2019-11-29 15:43:33.806 [main] INFO  s.documentation.schema.ModelContextKeyGenerator[46] - Cache Key Generated: java.lang.String(true)
2019-11-29 15:43:33.807 [main] INFO  s.documentation.spring.web.caching.CachingAspect[79] - Caching aspect applied for cache models with key java.lang.String(true)
2019-11-29 15:43:33.808 [main] INFO  s.documentation.schema.ModelContextKeyGenerator[46] - Cache Key Generated: java.lang.String(true)
2019-11-29 15:43:33.809 [main] INFO  s.documentation.spring.web.caching.CachingAspect[79] - Caching aspect applied for cache modelDependencies with key java.lang.String(true)
2019-11-29 15:43:33.810 [main] INFO  s.documentation.spring.web.OperationsKeyGenerator[51] - Cache key generated: /app/common/setVersion.org.hmf.rs.app.AppCommonController.setVersion.DefaultGenericTypeNamingStrategy
2019-11-29 15:43:33.811 [main] INFO  s.documentation.spring.web.caching.CachingAspect[68] - Caching aspect applied for cache operations with key /app/common/setVersion.org.hmf.rs.app.AppCommonController.setVersion.DefaultGenericTypeNamingStrategy
2019-11-29 15:43:33.813 [main] INFO  s.d.s.web.ClassOrApiAnnotationResourceGrouping[100] - Group for method setVersion was app-common-controller
2019-11-29 15:43:33.815 [main] INFO  s.d.s.web.ClassOrApiAnnotationResourceGrouping[100] - Group for method setVersion was app-common-controller
2019-11-29 15:43:33.819 [main] INFO  s.documentation.schema.ModelContextKeyGenerator[46] - Cache Key Generated: java.lang.String(true)
2019-11-29 15:43:33.819 [main] INFO  s.documentation.spring.web.caching.CachingAspect[79] - Caching aspect applied for cache models with key java.lang.String(true)
2019-11-29 15:43:33.820 [main] INFO  s.documentation.schema.ModelContextKeyGenerator[46] - Cache Key Generated: java.lang.String(true)
2019-11-29 15:43:33.820 [main] INFO  s.documentation.spring.web.caching.CachingAspect[79] - Caching aspect applied for cache modelDependencies with key java.lang.String(true)
2019-11-29 15:43:33.820 [main] INFO  s.documentation.spring.web.OperationsKeyGenerator[51] - Cache key generated: /app/common/sharePlace/{placeId}.org.hmf.rs.app.AppCommonController.sharePlace.DefaultGenericTypeNamingStrategy
2019-11-29 15:43:33.823 [main] INFO  s.documentation.spring.web.caching.CachingAspect[68] - Caching aspect applied for cache operations with key /app/common/sharePlace/{placeId}.org.hmf.rs.app.AppCommonController.sharePlace.DefaultGenericTypeNamingStrategy
2019-11-29 15:43:33.830 [main] INFO  s.d.s.web.ClassOrApiAnnotationResourceGrouping[100] - Group for method sharePlace was app-common-controller
2019-11-29 15:43:33.832 [main] INFO  s.d.s.web.ClassOrApiAnnotationResourceGrouping[100] - Group for method sharePlace was app-common-controller
2019-11-29 15:43:33.835 [main] INFO  s.documentation.schema.ModelContextKeyGenerator[46] - Cache Key Generated: java.lang.String(true)
2019-11-29 15:43:33.836 [main] INFO  s.documentation.spring.web.caching.CachingAspect[79] - Caching aspect applied for cache models with key java.lang.String(true)
2019-11-29 15:43:33.837 [main] INFO  s.documentation.schema.ModelContextKeyGenerator[46] - Cache Key Generated: java.lang.String(true)
2019-11-29 15:43:33.838 [main] INFO  s.documentation.spring.web.caching.CachingAspect[79] - Caching aspect applied for cache modelDependencies with key java.lang.String(true)
2019-11-29 15:43:33.839 [main] INFO  s.documentation.spring.web.OperationsKeyGenerator[51] - Cache key generated: /app/common/shareUser/{userId}.org.hmf.rs.app.AppCommonController.shareUser.DefaultGenericTypeNamingStrategy
2019-11-29 15:43:33.840 [main] INFO  s.documentation.spring.web.caching.CachingAspect[68] - Caching aspect applied for cache operations with key /app/common/shareUser/{userId}.org.hmf.rs.app.AppCommonController.shareUser.DefaultGenericTypeNamingStrategy
2019-11-29 15:43:33.843 [main] INFO  s.d.s.web.ClassOrApiAnnotationResourceGrouping[100] - Group for method shareUser was app-common-controller
2019-11-29 15:43:33.847 [main] INFO  s.d.s.web.ClassOrApiAnnotationResourceGrouping[100] - Group for method shareUser was app-common-controller
2019-11-29 15:43:33.850 [main] INFO  s.documentation.schema.ModelContextKeyGenerator[46] - Cache Key Generated: java.lang.Void(true)
2019-11-29 15:43:33.851 [main] INFO  s.documentation.spring.web.caching.CachingAspect[79] - Caching aspect applied for cache models with key java.lang.Void(true)
2019-11-29 15:43:33.851 [main] INFO  s.documentation.schema.ModelContextKeyGenerator[46] - Cache Key Generated: java.lang.Void(true)
2019-11-29 15:43:33.851 [main] INFO  s.documentation.spring.web.caching.CachingAspect[79] - Caching aspect applied for cache modelDependencies with key java.lang.Void(true)
2019-11-29 15:43:33.852 [main] INFO  s.documentation.spring.web.OperationsKeyGenerator[51] - Cache key generated: /app/common/downloadSharePlace/{placeId}.org.hmf.rs.app.AppCommonController.shareXcx.DefaultGenericTypeNamingStrategy
2019-11-29 15:43:33.852 [main] INFO  s.documentation.spring.web.caching.CachingAspect[68] - Caching aspect applied for cache operations with key /app/common/downloadSharePlace/{placeId}.org.hmf.rs.app.AppCommonController.shareXcx.DefaultGenericTypeNamingStrategy
2019-11-29 15:43:33.857 [main] INFO  s.d.s.web.ClassOrApiAnnotationResourceGrouping[100] - Group for method shareXcx was app-common-controller
2019-11-29 15:43:33.859 [main] INFO  s.d.s.web.ClassOrApiAnnotationResourceGrouping[100] - Group for method shareXcx was app-common-controller
2019-11-29 15:43:33.880 [main] INFO  s.documentation.schema.ModelContextKeyGenerator[46] - Cache Key Generated: java.lang.Object(true)
2019-11-29 15:43:33.881 [main] INFO  s.documentation.spring.web.caching.CachingAspect[79] - Caching aspect applied for cache models with key java.lang.Object(true)
2019-11-29 15:43:33.881 [main] INFO  s.documentation.schema.ModelContextKeyGenerator[46] - Cache Key Generated: java.lang.Object(true)
2019-11-29 15:43:33.881 [main] INFO  s.documentation.spring.web.caching.CachingAspect[79] - Caching aspect applied for cache modelDependencies with key java.lang.Object(true)
2019-11-29 15:43:33.882 [main] INFO  s.documentation.spring.web.OperationsKeyGenerator[51] - Cache key generated: /app/token/place/like.org.hmf.rs.app.AppTokenController.addAdmire.DefaultGenericTypeNamingStrategy
2019-11-29 15:43:33.882 [main] INFO  s.documentation.spring.web.caching.CachingAspect[68] - Caching aspect applied for cache operations with key /app/token/place/like.org.hmf.rs.app.AppTokenController.addAdmire.DefaultGenericTypeNamingStrategy
2019-11-29 15:43:33.899 [main] INFO  s.d.s.web.ClassOrApiAnnotationResourceGrouping[100] - Group for method addAdmire was app-token-controller
2019-11-29 15:43:33.905 [main] INFO  s.d.s.web.ClassOrApiAnnotationResourceGrouping[100] - Group for method addAdmire was app-token-controller
2019-11-29 15:43:33.917 [main] INFO  s.documentation.schema.ModelContextKeyGenerator[46] - Cache Key Generated: java.lang.Void(true)
2019-11-29 15:43:33.918 [main] INFO  s.documentation.spring.web.caching.CachingAspect[79] - Caching aspect applied for cache models with key java.lang.Void(true)
2019-11-29 15:43:33.918 [main] INFO  s.documentation.schema.ModelContextKeyGenerator[46] - Cache Key Generated: java.lang.Void(true)
2019-11-29 15:43:33.918 [main] INFO  s.documentation.spring.web.caching.CachingAspect[79] - Caching aspect applied for cache modelDependencies with key java.lang.Void(true)
2019-11-29 15:43:33.919 [main] INFO  s.documentation.spring.web.OperationsKeyGenerator[51] - Cache key generated: /app/token/user/saveAllMyInfo.org.hmf.rs.app.AppTokenController.allSelfInfo.DefaultGenericTypeNamingStrategy
2019-11-29 15:43:33.919 [main] INFO  s.documentation.spring.web.caching.CachingAspect[68] - Caching aspect applied for cache operations with key /app/token/user/saveAllMyInfo.org.hmf.rs.app.AppTokenController.allSelfInfo.DefaultGenericTypeNamingStrategy
2019-11-29 15:43:33.942 [main] INFO  s.d.s.web.ClassOrApiAnnotationResourceGrouping[100] - Group for method allSelfInfo was app-token-controller
2019-11-29 15:43:33.956 [main] INFO  s.d.s.web.ClassOrApiAnnotationResourceGrouping[100] - Group for method allSelfInfo was app-token-controller
2019-11-29 15:43:33.969 [main] INFO  s.documentation.schema.ModelContextKeyGenerator[46] - Cache Key Generated: org.hmf.rs.Result(true)
2019-11-29 15:43:33.970 [main] INFO  s.documentation.spring.web.caching.CachingAspect[79] - Caching aspect applied for cache models with key org.hmf.rs.Result(true)
2019-11-29 15:43:33.971 [main] INFO  s.d.schema.property.ModelPropertiesKeyGenerator[48] - Cache key generated: org.hmf.rs.Result(true)
2019-11-29 15:43:33.971 [main] INFO  s.documentation.spring.web.caching.CachingAspect[68] - Caching aspect applied for cache modelProperties with key org.hmf.rs.Result(true)
2019-11-29 15:43:33.976 [main] INFO  s.documentation.schema.ModelContextKeyGenerator[46] - Cache Key Generated: org.hmf.rs.Result(true)
2019-11-29 15:43:33.976 [main] INFO  s.documentation.spring.web.caching.CachingAspect[79] - Caching aspect applied for cache modelDependencies with key org.hmf.rs.Result(true)
2019-11-29 15:43:33.977 [main] INFO  s.d.schema.property.ModelPropertiesKeyGenerator[48] - Cache key generated: org.hmf.rs.Result(true)
2019-11-29 15:43:33.978 [main] INFO  s.documentation.spring.web.caching.CachingAspect[68] - Caching aspect applied for cache modelProperties with key org.hmf.rs.Result(true)
2019-11-29 15:43:33.980 [main] INFO  s.documentation.spring.web.OperationsKeyGenerator[51] - Cache key generated: /app/token/meet/cancel/{userId}/{placeId}.org.hmf.rs.app.AppTokenController.cancel.DefaultGenericTypeNamingStrategy
2019-11-29 15:43:33.981 [main] INFO  s.documentation.spring.web.caching.CachingAspect[68] - Caching aspect applied for cache operations with key /app/token/meet/cancel/{userId}/{placeId}.org.hmf.rs.app.AppTokenController.cancel.DefaultGenericTypeNamingStrategy
2019-11-29 15:43:33.988 [main] INFO  s.d.s.web.ClassOrApiAnnotationResourceGrouping[100] - Group for method cancel was app-token-controller
2019-11-29 15:43:33.995 [main] INFO  s.d.s.web.ClassOrApiAnnotationResourceGrouping[100] - Group for method cancel was app-token-controller
2019-11-29 15:43:34.007 [main] INFO  s.documentation.schema.ModelContextKeyGenerator[46] - Cache Key Generated: java.lang.Boolean(true)
2019-11-29 15:43:34.007 [main] INFO  s.documentation.spring.web.caching.CachingAspect[79] - Caching aspect applied for cache models with key java.lang.Boolean(true)
2019-11-29 15:43:34.008 [main] INFO  s.documentation.schema.ModelContextKeyGenerator[46] - Cache Key Generated: java.lang.Boolean(true)
2019-11-29 15:43:34.008 [main] INFO  s.documentation.spring.web.caching.CachingAspect[79] - Caching aspect applied for cache modelDependencies with key java.lang.Boolean(true)
2019-11-29 15:43:34.008 [main] INFO  s.documentation.spring.web.OperationsKeyGenerator[51] - Cache key generated: /app/token/check.org.hmf.rs.app.AppTokenController.check.DefaultGenericTypeNamingStrategy
2019-11-29 15:43:34.008 [main] INFO  s.documentation.spring.web.caching.CachingAspect[68] - Caching aspect applied for cache operations with key /app/token/check.org.hmf.rs.app.AppTokenController.check.DefaultGenericTypeNamingStrategy
2019-11-29 15:43:34.023 [main] INFO  s.d.s.web.ClassOrApiAnnotationResourceGrouping[100] - Group for method check was app-token-controller
2019-11-29 15:43:34.028 [main] INFO  s.d.s.web.ClassOrApiAnnotationResourceGrouping[100] - Group for method check was app-token-controller
2019-11-29 15:43:34.034 [main] INFO  s.documentation.schema.ModelContextKeyGenerator[46] - Cache Key Generated: java.util.Map<java.lang.String,java.lang.Object>(true)
2019-11-29 15:43:34.034 [main] INFO  s.documentation.spring.web.caching.CachingAspect[79] - Caching aspect applied for cache models with key java.util.Map<java.lang.String,java.lang.Object>(true)
2019-11-29 15:43:34.035 [main] INFO  s.documentation.schema.ModelContextKeyGenerator[46] - Cache Key Generated: java.util.Map<java.lang.String,java.lang.Object>(true)
2019-11-29 15:43:34.035 [main] INFO  s.documentation.spring.web.caching.CachingAspect[79] - Caching aspect applied for cache modelDependencies with key java.util.Map<java.lang.String,java.lang.Object>(true)
2019-11-29 15:43:34.035 [main] INFO  s.documentation.spring.web.OperationsKeyGenerator[51] - Cache key generated: /app/token/checkInfo.org.hmf.rs.app.AppTokenController.checkInfo.DefaultGenericTypeNamingStrategy
2019-11-29 15:43:34.036 [main] INFO  s.documentation.spring.web.caching.CachingAspect[68] - Caching aspect applied for cache operations with key /app/token/checkInfo.org.hmf.rs.app.AppTokenController.checkInfo.DefaultGenericTypeNamingStrategy
2019-11-29 15:43:34.047 [main] INFO  s.d.s.web.ClassOrApiAnnotationResourceGrouping[100] - Group for method checkInfo was app-token-controller
2019-11-29 15:43:34.050 [main] INFO  s.d.s.web.ClassOrApiAnnotationResourceGrouping[100] - Group for method checkInfo was app-token-controller
2019-11-29 15:43:34.057 [main] INFO  s.documentation.schema.ModelContextKeyGenerator[46] - Cache Key Generated: org.hmf.rs.Result(true)
2019-11-29 15:43:34.057 [main] INFO  s.documentation.spring.web.caching.CachingAspect[79] - Caching aspect applied for cache models with key org.hmf.rs.Result(true)
2019-11-29 15:43:34.058 [main] INFO  s.documentation.schema.ModelContextKeyGenerator[46] - Cache Key Generated: org.hmf.rs.Result(true)
2019-11-29 15:43:34.058 [main] INFO  s.documentation.spring.web.caching.CachingAspect[79] - Caching aspect applied for cache modelDependencies with key org.hmf.rs.Result(true)
2019-11-29 15:43:34.058 [main] INFO  s.documentation.spring.web.OperationsKeyGenerator[51] - Cache key generated: /app/token/meet/confirm/{userId}/{placeId}.org.hmf.rs.app.AppTokenController.confirm.DefaultGenericTypeNamingStrategy
2019-11-29 15:43:34.058 [main] INFO  s.documentation.spring.web.caching.CachingAspect[68] - Caching aspect applied for cache operations with key /app/token/meet/confirm/{userId}/{placeId}.org.hmf.rs.app.AppTokenController.confirm.DefaultGenericTypeNamingStrategy
2019-11-29 15:43:34.066 [main] INFO  s.d.s.web.ClassOrApiAnnotationResourceGrouping[100] - Group for method confirm was app-token-controller
2019-11-29 15:43:34.069 [main] INFO  s.d.s.web.ClassOrApiAnnotationResourceGrouping[100] - Group for method confirm was app-token-controller
2019-11-29 15:43:34.076 [main] INFO  s.documentation.schema.ModelContextKeyGenerator[46] - Cache Key Generated: java.lang.Boolean(true)
2019-11-29 15:43:34.077 [main] INFO  s.documentation.spring.web.caching.CachingAspect[79] - Caching aspect applied for cache models with key java.lang.Boolean(true)
2019-11-29 15:43:34.078 [main] INFO  s.documentation.schema.ModelContextKeyGenerator[46] - Cache Key Generated: java.lang.Boolean(true)
2019-11-29 15:43:34.078 [main] INFO  s.documentation.spring.web.caching.CachingAspect[79] - Caching aspect applied for cache modelDependencies with key java.lang.Boolean(true)
2019-11-29 15:43:34.079 [main] INFO  s.documentation.spring.web.OperationsKeyGenerator[51] - Cache key generated: /app/token/del/imageWall.org.hmf.rs.app.AppTokenController.delImage.DefaultGenericTypeNamingStrategy
2019-11-29 15:43:34.080 [main] INFO  s.documentation.spring.web.caching.CachingAspect[68] - Caching aspect applied for cache operations with key /app/token/del/imageWall.org.hmf.rs.app.AppTokenController.delImage.DefaultGenericTypeNamingStrategy
2019-11-29 15:43:34.088 [main] INFO  s.d.s.web.ClassOrApiAnnotationResourceGrouping[100] - Group for method delImage was app-token-controller
2019-11-29 15:43:34.096 [main] INFO  s.d.s.web.ClassOrApiAnnotationResourceGrouping[100] - Group for method delImage was app-token-controller
2019-11-29 15:43:34.102 [main] INFO  s.documentation.schema.ModelContextKeyGenerator[46] - Cache Key Generated: java.lang.Void(true)
2019-11-29 15:43:34.104 [main] INFO  s.documentation.spring.web.caching.CachingAspect[79] - Caching aspect applied for cache models with key java.lang.Void(true)
2019-11-29 15:43:34.106 [main] INFO  s.documentation.schema.ModelContextKeyGenerator[46] - Cache Key Generated: java.lang.Void(true)
2019-11-29 15:43:34.106 [main] INFO  s.documentation.spring.web.caching.CachingAspect[79] - Caching aspect applied for cache modelDependencies with key java.lang.Void(true)
2019-11-29 15:43:34.107 [main] INFO  s.documentation.spring.web.OperationsKeyGenerator[51] - Cache key generated: /app/token/user/getBaseInfo.org.hmf.rs.app.AppTokenController.getBaseInfo.DefaultGenericTypeNamingStrategy
2019-11-29 15:43:34.107 [main] INFO  s.documentation.spring.web.caching.CachingAspect[68] - Caching aspect applied for cache operations with key /app/token/user/getBaseInfo.org.hmf.rs.app.AppTokenController.getBaseInfo.DefaultGenericTypeNamingStrategy
2019-11-29 15:43:34.128 [main] INFO  s.d.s.web.ClassOrApiAnnotationResourceGrouping[100] - Group for method getBaseInfo was app-token-controller
2019-11-29 15:43:34.135 [main] INFO  s.d.s.web.ClassOrApiAnnotationResourceGrouping[100] - Group for method getBaseInfo was app-token-controller
2019-11-29 15:43:34.146 [main] INFO  s.documentation.schema.ModelContextKeyGenerator[46] - Cache Key Generated: java.lang.Integer(true)
2019-11-29 15:43:34.146 [main] INFO  s.documentation.spring.web.caching.CachingAspect[79] - Caching aspect applied for cache models with key java.lang.Integer(true)
2019-11-29 15:43:34.146 [main] INFO  s.documentation.schema.ModelContextKeyGenerator[46] - Cache Key Generated: java.lang.Integer(true)
2019-11-29 15:43:34.146 [main] INFO  s.documentation.spring.web.caching.CachingAspect[79] - Caching aspect applied for cache modelDependencies with key java.lang.Integer(true)
2019-11-29 15:43:34.146 [main] INFO  s.documentation.spring.web.OperationsKeyGenerator[51] - Cache key generated: /app/token/user/getInfoStatus.org.hmf.rs.app.AppTokenController.getInfoStatus.DefaultGenericTypeNamingStrategy
2019-11-29 15:43:34.147 [main] INFO  s.documentation.spring.web.caching.CachingAspect[68] - Caching aspect applied for cache operations with key /app/token/user/getInfoStatus.org.hmf.rs.app.AppTokenController.getInfoStatus.DefaultGenericTypeNamingStrategy
2019-11-29 15:43:34.152 [main] INFO  s.d.s.web.ClassOrApiAnnotationResourceGrouping[100] - Group for method getInfoStatus was app-token-controller
2019-11-29 15:43:34.157 [main] INFO  s.d.s.web.ClassOrApiAnnotationResourceGrouping[100] - Group for method getInfoStatus was app-token-controller
2019-11-29 15:43:34.165 [main] INFO  s.documentation.schema.ModelContextKeyGenerator[46] - Cache Key Generated: org.hmf.rs.vxdto.MarkDto(true)
2019-11-29 15:43:34.166 [main] INFO  s.documentation.spring.web.caching.CachingAspect[79] - Caching aspect applied for cache models with key org.hmf.rs.vxdto.MarkDto(true)
2019-11-29 15:43:34.167 [main] INFO  s.d.schema.property.ModelPropertiesKeyGenerator[48] - Cache key generated: org.hmf.rs.vxdto.MarkDto(true)
2019-11-29 15:43:34.167 [main] INFO  s.documentation.spring.web.caching.CachingAspect[68] - Caching aspect applied for cache modelProperties with key org.hmf.rs.vxdto.MarkDto(true)
2019-11-29 15:43:34.170 [main] INFO  s.documentation.schema.ModelContextKeyGenerator[46] - Cache Key Generated: org.hmf.rs.vxdto.MarkDto(true)
2019-11-29 15:43:34.171 [main] INFO  s.documentation.spring.web.caching.CachingAspect[79] - Caching aspect applied for cache modelDependencies with key org.hmf.rs.vxdto.MarkDto(true)
2019-11-29 15:43:34.171 [main] INFO  s.d.schema.property.ModelPropertiesKeyGenerator[48] - Cache key generated: org.hmf.rs.vxdto.MarkDto(true)
2019-11-29 15:43:34.171 [main] INFO  s.documentation.spring.web.caching.CachingAspect[68] - Caching aspect applied for cache modelProperties with key org.hmf.rs.vxdto.MarkDto(true)
2019-11-29 15:43:34.172 [main] INFO  s.documentation.spring.web.OperationsKeyGenerator[51] - Cache key generated: /app/token/place/getMarkReward/{placeId}.org.hmf.rs.app.AppTokenController.getMarkReward.DefaultGenericTypeNamingStrategy
2019-11-29 15:43:34.172 [main] INFO  s.documentation.spring.web.caching.CachingAspect[68] - Caching aspect applied for cache operations with key /app/token/place/getMarkReward/{placeId}.org.hmf.rs.app.AppTokenController.getMarkReward.DefaultGenericTypeNamingStrategy
2019-11-29 15:43:34.179 [main] INFO  s.d.s.web.ClassOrApiAnnotationResourceGrouping[100] - Group for method getMarkReward was app-token-controller
2019-11-29 15:43:34.185 [main] INFO  s.d.s.web.ClassOrApiAnnotationResourceGrouping[100] - Group for method getMarkReward was app-token-controller
2019-11-29 15:43:34.191 [main] INFO  s.documentation.schema.ModelContextKeyGenerator[46] - Cache Key Generated: org.hmf.rs.vxdto.MatchDto(true)
2019-11-29 15:43:34.191 [main] INFO  s.documentation.spring.web.caching.CachingAspect[79] - Caching aspect applied for cache models with key org.hmf.rs.vxdto.MatchDto(true)
2019-11-29 15:43:34.191 [main] INFO  s.d.schema.property.ModelPropertiesKeyGenerator[48] - Cache key generated: org.hmf.rs.vxdto.MatchDto(true)
2019-11-29 15:43:34.192 [main] INFO  s.documentation.spring.web.caching.CachingAspect[68] - Caching aspect applied for cache modelProperties with key org.hmf.rs.vxdto.MatchDto(true)
2019-11-29 15:43:34.196 [main] INFO  s.documentation.schema.ModelContextKeyGenerator[46] - Cache Key Generated: org.hmf.rs.vxdto.MatchDto(true)
2019-11-29 15:43:34.196 [main] INFO  s.documentation.spring.web.caching.CachingAspect[79] - Caching aspect applied for cache modelDependencies with key org.hmf.rs.vxdto.MatchDto(true)
2019-11-29 15:43:34.198 [main] INFO  s.d.schema.property.ModelPropertiesKeyGenerator[48] - Cache key generated: org.hmf.rs.vxdto.MatchDto(true)
2019-11-29 15:43:34.200 [main] INFO  s.documentation.spring.web.caching.CachingAspect[68] - Caching aspect applied for cache modelProperties with key org.hmf.rs.vxdto.MatchDto(true)
2019-11-29 15:43:34.201 [main] INFO  s.documentation.spring.web.OperationsKeyGenerator[51] - Cache key generated: /app/token/news/getMatch/{userId}/{placeId}.org.hmf.rs.app.AppTokenController.getMatch.DefaultGenericTypeNamingStrategy
2019-11-29 15:43:34.202 [main] INFO  s.documentation.spring.web.caching.CachingAspect[68] - Caching aspect applied for cache operations with key /app/token/news/getMatch/{userId}/{placeId}.org.hmf.rs.app.AppTokenController.getMatch.DefaultGenericTypeNamingStrategy
2019-11-29 15:43:34.209 [main] INFO  s.d.s.web.ClassOrApiAnnotationResourceGrouping[100] - Group for method getMatch was app-token-controller
2019-11-29 15:43:34.212 [main] INFO  s.d.s.web.ClassOrApiAnnotationResourceGrouping[100] - Group for method getMatch was app-token-controller
2019-11-29 15:43:34.218 [main] INFO  s.documentation.schema.ModelContextKeyGenerator[46] - Cache Key Generated: org.hmf.rs.vxdto.MarkDto(true)
2019-11-29 15:43:34.218 [main] INFO  s.documentation.spring.web.caching.CachingAspect[79] - Caching aspect applied for cache models with key org.hmf.rs.vxdto.MarkDto(true)
2019-11-29 15:43:34.218 [main] INFO  s.documentation.schema.ModelContextKeyGenerator[46] - Cache Key Generated: org.hmf.rs.vxdto.MarkDto(true)
2019-11-29 15:43:34.219 [main] INFO  s.documentation.spring.web.caching.CachingAspect[79] - Caching aspect applied for cache modelDependencies with key org.hmf.rs.vxdto.MarkDto(true)
2019-11-29 15:43:34.219 [main] INFO  s.documentation.spring.web.OperationsKeyGenerator[51] - Cache key generated: /app/token/meet/getMeetReward/{userId}/{placeId}.org.hmf.rs.app.AppTokenController.getMeetReward.DefaultGenericTypeNamingStrategy
2019-11-29 15:43:34.219 [main] INFO  s.documentation.spring.web.caching.CachingAspect[68] - Caching aspect applied for cache operations with key /app/token/meet/getMeetReward/{userId}/{placeId}.org.hmf.rs.app.AppTokenController.getMeetReward.DefaultGenericTypeNamingStrategy
2019-11-29 15:43:34.225 [main] INFO  s.d.s.web.ClassOrApiAnnotationResourceGrouping[100] - Group for method getMeetReward was app-token-controller
2019-11-29 15:43:34.230 [main] INFO  s.d.s.web.ClassOrApiAnnotationResourceGrouping[100] - Group for method getMeetReward was app-token-controller
2019-11-29 15:43:34.236 [main] INFO  s.documentation.schema.ModelContextKeyGenerator[46] - Cache Key Generated: java.util.List<org.hmf.rs.vxdto.PlaceDto>(true)
2019-11-29 15:43:34.236 [main] INFO  s.documentation.spring.web.caching.CachingAspect[79] - Caching aspect applied for cache models with key java.util.List<org.hmf.rs.vxdto.PlaceDto>(true)
2019-11-29 15:43:34.237 [main] INFO  s.documentation.schema.ModelContextKeyGenerator[46] - Cache Key Generated: java.util.List<org.hmf.rs.vxdto.PlaceDto>(true)
2019-11-29 15:43:34.237 [main] INFO  s.documentation.spring.web.caching.CachingAspect[79] - Caching aspect applied for cache modelDependencies with key java.util.List<org.hmf.rs.vxdto.PlaceDto>(true)
2019-11-29 15:43:34.237 [main] INFO  s.d.schema.property.ModelPropertiesKeyGenerator[48] - Cache key generated: org.hmf.rs.vxdto.PlaceDto(true)
2019-11-29 15:43:34.237 [main] INFO  s.documentation.spring.web.caching.CachingAspect[68] - Caching aspect applied for cache modelProperties with key org.hmf.rs.vxdto.PlaceDto(true)
2019-11-29 15:43:34.240 [main] INFO  s.d.schema.property.ModelPropertiesKeyGenerator[48] - Cache key generated: java.util.List<org.hmf.rs.vxdto.PlaceDto>(true)
2019-11-29 15:43:34.240 [main] INFO  s.documentation.spring.web.caching.CachingAspect[68] - Caching aspect applied for cache modelProperties with key java.util.List<org.hmf.rs.vxdto.PlaceDto>(true)
2019-11-29 15:43:34.240 [main] INFO  s.d.schema.property.ModelPropertiesKeyGenerator[48] - Cache key generated: org.hmf.rs.vxdto.PlaceDto(true)
2019-11-29 15:43:34.241 [main] INFO  s.documentation.spring.web.caching.CachingAspect[68] - Caching aspect applied for cache modelProperties with key org.hmf.rs.vxdto.PlaceDto(true)
2019-11-29 15:43:34.241 [main] INFO  s.documentation.spring.web.OperationsKeyGenerator[51] - Cache key generated: /app/token/place/getPlaceList.org.hmf.rs.app.AppTokenController.getPlaceList.DefaultGenericTypeNamingStrategy
2019-11-29 15:43:34.241 [main] INFO  s.documentation.spring.web.caching.CachingAspect[68] - Caching aspect applied for cache operations with key /app/token/place/getPlaceList.org.hmf.rs.app.AppTokenController.getPlaceList.DefaultGenericTypeNamingStrategy
2019-11-29 15:43:34.251 [main] INFO  s.d.s.web.ClassOrApiAnnotationResourceGrouping[100] - Group for method getPlaceList was app-token-controller
2019-11-29 15:43:34.254 [main] INFO  s.d.s.web.ClassOrApiAnnotationResourceGrouping[100] - Group for method getPlaceList was app-token-controller
2019-11-29 15:43:34.265 [main] INFO  s.documentation.schema.ModelContextKeyGenerator[46] - Cache Key Generated: org.hmf.rs.vxdto.UserSelfDto(true)
2019-11-29 15:43:34.265 [main] INFO  s.documentation.spring.web.caching.CachingAspect[79] - Caching aspect applied for cache models with key org.hmf.rs.vxdto.UserSelfDto(true)
2019-11-29 15:43:34.265 [main] INFO  s.d.schema.property.ModelPropertiesKeyGenerator[48] - Cache key generated: org.hmf.rs.vxdto.UserSelfDto(true)
2019-11-29 15:43:34.265 [main] INFO  s.documentation.spring.web.caching.CachingAspect[68] - Caching aspect applied for cache modelProperties with key org.hmf.rs.vxdto.UserSelfDto(true)
2019-11-29 15:43:34.267 [main] INFO  s.documentation.schema.ModelContextKeyGenerator[46] - Cache Key Generated: org.hmf.rs.vxdto.UserSelfDto(true)
2019-11-29 15:43:34.267 [main] INFO  s.documentation.spring.web.caching.CachingAspect[79] - Caching aspect applied for cache modelDependencies with key org.hmf.rs.vxdto.UserSelfDto(true)
2019-11-29 15:43:34.268 [main] INFO  s.d.schema.property.ModelPropertiesKeyGenerator[48] - Cache key generated: org.hmf.rs.vxdto.UserSelfDto(true)
2019-11-29 15:43:34.268 [main] INFO  s.documentation.spring.web.caching.CachingAspect[68] - Caching aspect applied for cache modelProperties with key org.hmf.rs.vxdto.UserSelfDto(true)
2019-11-29 15:43:34.268 [main] INFO  s.documentation.spring.web.OperationsKeyGenerator[51] - Cache key generated: /app/token/user.org.hmf.rs.app.AppTokenController.getSelf.DefaultGenericTypeNamingStrategy
2019-11-29 15:43:34.268 [main] INFO  s.documentation.spring.web.caching.CachingAspect[68] - Caching aspect applied for cache operations with key /app/token/user.org.hmf.rs.app.AppTokenController.getSelf.DefaultGenericTypeNamingStrategy
2019-11-29 15:43:34.271 [main] INFO  s.d.s.web.ClassOrApiAnnotationResourceGrouping[100] - Group for method getSelf was app-token-controller
2019-11-29 15:43:34.276 [main] INFO  s.d.s.web.ClassOrApiAnnotationResourceGrouping[100] - Group for method getSelf was app-token-controller
2019-11-29 15:43:34.281 [main] INFO  s.documentation.schema.ModelContextKeyGenerator[46] - Cache Key Generated: java.util.List<org.hmf.rs.vxdto.UserDto>(true)
2019-11-29 15:43:34.282 [main] INFO  s.documentation.spring.web.caching.CachingAspect[79] - Caching aspect applied for cache models with key java.util.List<org.hmf.rs.vxdto.UserDto>(true)
2019-11-29 15:43:34.282 [main] INFO  s.documentation.schema.ModelContextKeyGenerator[46] - Cache Key Generated: java.util.List<org.hmf.rs.vxdto.UserDto>(true)
2019-11-29 15:43:34.282 [main] INFO  s.documentation.spring.web.caching.CachingAspect[79] - Caching aspect applied for cache modelDependencies with key java.util.List<org.hmf.rs.vxdto.UserDto>(true)
2019-11-29 15:43:34.283 [main] INFO  s.d.schema.property.ModelPropertiesKeyGenerator[48] - Cache key generated: org.hmf.rs.vxdto.UserDto(true)
2019-11-29 15:43:34.283 [main] INFO  s.documentation.spring.web.caching.CachingAspect[68] - Caching aspect applied for cache modelProperties with key org.hmf.rs.vxdto.UserDto(true)
2019-11-29 15:43:34.285 [main] INFO  s.d.schema.property.ModelPropertiesKeyGenerator[48] - Cache key generated: java.util.List<org.hmf.rs.vxdto.UserDto>(true)
2019-11-29 15:43:34.285 [main] INFO  s.documentation.spring.web.caching.CachingAspect[68] - Caching aspect applied for cache modelProperties with key java.util.List<org.hmf.rs.vxdto.UserDto>(true)
2019-11-29 15:43:34.286 [main] INFO  s.d.schema.property.ModelPropertiesKeyGenerator[48] - Cache key generated: org.hmf.rs.vxdto.UserDto(true)
2019-11-29 15:43:34.286 [main] INFO  s.documentation.spring.web.caching.CachingAspect[68] - Caching aspect applied for cache modelProperties with key org.hmf.rs.vxdto.UserDto(true)
2019-11-29 15:43:34.287 [main] INFO  s.documentation.spring.web.OperationsKeyGenerator[51] - Cache key generated: /app/token/place/getUserList/{placeId}/{totalPage}/{totalNum}.org.hmf.rs.app.AppTokenController.getUserList.DefaultGenericTypeNamingStrategy
2019-11-29 15:43:34.287 [main] INFO  s.documentation.spring.web.caching.CachingAspect[68] - Caching aspect applied for cache operations with key /app/token/place/getUserList/{placeId}/{totalPage}/{totalNum}.org.hmf.rs.app.AppTokenController.getUserList.DefaultGenericTypeNamingStrategy
2019-11-29 15:43:34.299 [main] INFO  s.d.s.web.ClassOrApiAnnotationResourceGrouping[100] - Group for method getUserList was app-token-controller
2019-11-29 15:43:34.304 [main] INFO  s.d.s.web.ClassOrApiAnnotationResourceGrouping[100] - Group for method getUserList was app-token-controller
2019-11-29 15:43:34.313 [main] INFO  s.documentation.schema.ModelContextKeyGenerator[46] - Cache Key Generated: java.util.List<org.hmf.rs.vxdto.MatchUserDto>(true)
2019-11-29 15:43:34.313 [main] INFO  s.documentation.spring.web.caching.CachingAspect[79] - Caching aspect applied for cache models with key java.util.List<org.hmf.rs.vxdto.MatchUserDto>(true)
2019-11-29 15:43:34.313 [main] INFO  s.documentation.schema.ModelContextKeyGenerator[46] - Cache Key Generated: java.util.List<org.hmf.rs.vxdto.MatchUserDto>(true)
2019-11-29 15:43:34.314 [main] INFO  s.documentation.spring.web.caching.CachingAspect[79] - Caching aspect applied for cache modelDependencies with key java.util.List<org.hmf.rs.vxdto.MatchUserDto>(true)
2019-11-29 15:43:34.314 [main] INFO  s.d.schema.property.ModelPropertiesKeyGenerator[48] - Cache key generated: org.hmf.rs.vxdto.MatchUserDto(true)
2019-11-29 15:43:34.314 [main] INFO  s.documentation.spring.web.caching.CachingAspect[68] - Caching aspect applied for cache modelProperties with key org.hmf.rs.vxdto.MatchUserDto(true)
2019-11-29 15:43:34.316 [main] INFO  s.d.schema.property.ModelPropertiesKeyGenerator[48] - Cache key generated: java.util.List<org.hmf.rs.vxdto.MatchUserDto>(true)
2019-11-29 15:43:34.316 [main] INFO  s.documentation.spring.web.caching.CachingAspect[68] - Caching aspect applied for cache modelProperties with key java.util.List<org.hmf.rs.vxdto.MatchUserDto>(true)
2019-11-29 15:43:34.317 [main] INFO  s.d.schema.property.ModelPropertiesKeyGenerator[48] - Cache key generated: org.hmf.rs.vxdto.MatchUserDto(true)
2019-11-29 15:43:34.317 [main] INFO  s.documentation.spring.web.caching.CachingAspect[68] - Caching aspect applied for cache modelProperties with key org.hmf.rs.vxdto.MatchUserDto(true)
2019-11-29 15:43:34.317 [main] INFO  s.documentation.spring.web.OperationsKeyGenerator[51] - Cache key generated: /app/token/news/getMatchUserList.org.hmf.rs.app.AppTokenController.matchUserList.DefaultGenericTypeNamingStrategy
2019-11-29 15:43:34.318 [main] INFO  s.documentation.spring.web.caching.CachingAspect[68] - Caching aspect applied for cache operations with key /app/token/news/getMatchUserList.org.hmf.rs.app.AppTokenController.matchUserList.DefaultGenericTypeNamingStrategy
2019-11-29 15:43:34.321 [main] INFO  s.d.s.web.ClassOrApiAnnotationResourceGrouping[100] - Group for method matchUserList was app-token-controller
2019-11-29 15:43:34.329 [main] INFO  s.d.s.web.ClassOrApiAnnotationResourceGrouping[100] - Group for method matchUserList was app-token-controller
2019-11-29 15:43:34.338 [main] INFO  s.documentation.schema.ModelContextKeyGenerator[46] - Cache Key Generated: org.hmf.rs.vxdto.MarkPlaceInfo(true)
2019-11-29 15:43:34.338 [main] INFO  s.documentation.spring.web.caching.CachingAspect[79] - Caching aspect applied for cache models with key org.hmf.rs.vxdto.MarkPlaceInfo(true)
2019-11-29 15:43:34.338 [main] INFO  s.d.schema.property.ModelPropertiesKeyGenerator[48] - Cache key generated: org.hmf.rs.vxdto.MarkPlaceInfo(true)
2019-11-29 15:43:34.338 [main] INFO  s.documentation.spring.web.caching.CachingAspect[68] - Caching aspect applied for cache modelProperties with key org.hmf.rs.vxdto.MarkPlaceInfo(true)
2019-11-29 15:43:34.342 [main] INFO  s.documentation.schema.ModelContextKeyGenerator[46] - Cache Key Generated: org.hmf.rs.vxdto.MarkPlaceInfo(true)
2019-11-29 15:43:34.342 [main] INFO  s.documentation.spring.web.caching.CachingAspect[79] - Caching aspect applied for cache modelDependencies with key org.hmf.rs.vxdto.MarkPlaceInfo(true)
2019-11-29 15:43:34.343 [main] INFO  s.d.schema.property.ModelPropertiesKeyGenerator[48] - Cache key generated: org.hmf.rs.vxdto.MarkPlaceInfo(true)
2019-11-29 15:43:34.344 [main] INFO  s.documentation.spring.web.caching.CachingAspect[68] - Caching aspect applied for cache modelProperties with key org.hmf.rs.vxdto.MarkPlaceInfo(true)
2019-11-29 15:43:34.345 [main] INFO  s.documentation.spring.web.OperationsKeyGenerator[51] - Cache key generated: /app/token/mark/placeInfo/{placeId}.org.hmf.rs.app.AppTokenController.placeInfo.DefaultGenericTypeNamingStrategy
2019-11-29 15:43:34.345 [main] INFO  s.documentation.spring.web.caching.CachingAspect[68] - Caching aspect applied for cache operations with key /app/token/mark/placeInfo/{placeId}.org.hmf.rs.app.AppTokenController.placeInfo.DefaultGenericTypeNamingStrategy
2019-11-29 15:43:34.351 [main] INFO  s.d.s.web.ClassOrApiAnnotationResourceGrouping[100] - Group for method placeInfo was app-token-controller
2019-11-29 15:43:34.356 [main] INFO  s.d.s.web.ClassOrApiAnnotationResourceGrouping[100] - Group for method placeInfo was app-token-controller
2019-11-29 15:43:34.362 [main] INFO  s.documentation.schema.ModelContextKeyGenerator[46] - Cache Key Generated: org.hmf.rs.vxdto.UserSelfInfoDto(true)
2019-11-29 15:43:34.363 [main] INFO  s.documentation.spring.web.caching.CachingAspect[79] - Caching aspect applied for cache models with key org.hmf.rs.vxdto.UserSelfInfoDto(true)
2019-11-29 15:43:34.363 [main] INFO  s.d.schema.property.ModelPropertiesKeyGenerator[48] - Cache key generated: org.hmf.rs.vxdto.UserSelfInfoDto(true)
2019-11-29 15:43:34.364 [main] INFO  s.documentation.spring.web.caching.CachingAspect[68] - Caching aspect applied for cache modelProperties with key org.hmf.rs.vxdto.UserSelfInfoDto(true)
2019-11-29 15:43:34.367 [main] INFO  s.documentation.schema.ModelContextKeyGenerator[46] - Cache Key Generated: org.hmf.rs.vxdto.UserSelfInfoDto(true)
2019-11-29 15:43:34.367 [main] INFO  s.documentation.spring.web.caching.CachingAspect[79] - Caching aspect applied for cache modelDependencies with key org.hmf.rs.vxdto.UserSelfInfoDto(true)
2019-11-29 15:43:34.368 [main] INFO  s.d.schema.property.ModelPropertiesKeyGenerator[48] - Cache key generated: org.hmf.rs.vxdto.UserSelfInfoDto(true)
2019-11-29 15:43:34.368 [main] INFO  s.documentation.spring.web.caching.CachingAspect[68] - Caching aspect applied for cache modelProperties with key org.hmf.rs.vxdto.UserSelfInfoDto(true)
2019-11-29 15:43:34.368 [main] INFO  s.d.schema.property.ModelPropertiesKeyGenerator[48] - Cache key generated: org.hmf.rs.vxdto.TypeListForSelfInfoDto(true)
2019-11-29 15:43:34.368 [main] INFO  s.documentation.spring.web.caching.CachingAspect[68] - Caching aspect applied for cache modelProperties with key org.hmf.rs.vxdto.TypeListForSelfInfoDto(true)
2019-11-29 15:43:34.369 [main] INFO  s.d.schema.property.ModelPropertiesKeyGenerator[48] - Cache key generated: org.hmf.rs.vxdto.TypeItemUserDto(true)
2019-11-29 15:43:34.369 [main] INFO  s.documentation.spring.web.caching.CachingAspect[68] - Caching aspect applied for cache modelProperties with key org.hmf.rs.vxdto.TypeItemUserDto(true)
2019-11-29 15:43:34.370 [main] INFO  s.d.schema.property.ModelPropertiesKeyGenerator[48] - Cache key generated: org.hmf.rs.vxdto.FriendInfoDto(true)
2019-11-29 15:43:34.370 [main] INFO  s.documentation.spring.web.caching.CachingAspect[68] - Caching aspect applied for cache modelProperties with key org.hmf.rs.vxdto.FriendInfoDto(true)
2019-11-29 15:43:34.371 [main] INFO  s.d.schema.property.ModelPropertiesKeyGenerator[48] - Cache key generated: org.hmf.rs.vxdto.TypeListForSelfInfoDto(true)
2019-11-29 15:43:34.371 [main] INFO  s.documentation.spring.web.caching.CachingAspect[68] - Caching aspect applied for cache modelProperties with key org.hmf.rs.vxdto.TypeListForSelfInfoDto(true)
2019-11-29 15:43:34.372 [main] INFO  s.d.schema.property.ModelPropertiesKeyGenerator[48] - Cache key generated: org.hmf.rs.vxdto.TypeItemUserDto(true)
2019-11-29 15:43:34.372 [main] INFO  s.documentation.spring.web.caching.CachingAspect[68] - Caching aspect applied for cache modelProperties with key org.hmf.rs.vxdto.TypeItemUserDto(true)
2019-11-29 15:43:34.373 [main] INFO  s.d.schema.property.ModelPropertiesKeyGenerator[48] - Cache key generated: org.hmf.rs.vxdto.FriendInfoDto(true)
2019-11-29 15:43:34.373 [main] INFO  s.documentation.spring.web.caching.CachingAspect[68] - Caching aspect applied for cache modelProperties with key org.hmf.rs.vxdto.FriendInfoDto(true)
2019-11-29 15:43:34.374 [main] INFO  s.documentation.spring.web.OperationsKeyGenerator[51] - Cache key generated: /app/token/user/selfInfo.org.hmf.rs.app.AppTokenController.selfInfo.DefaultGenericTypeNamingStrategy
2019-11-29 15:43:34.374 [main] INFO  s.documentation.spring.web.caching.CachingAspect[68] - Caching aspect applied for cache operations with key /app/token/user/selfInfo.org.hmf.rs.app.AppTokenController.selfInfo.DefaultGenericTypeNamingStrategy
2019-11-29 15:43:34.379 [main] INFO  s.d.s.web.ClassOrApiAnnotationResourceGrouping[100] - Group for method selfInfo was app-token-controller
2019-11-29 15:43:34.382 [main] INFO  s.d.s.web.ClassOrApiAnnotationResourceGrouping[100] - Group for method selfInfo was app-token-controller
2019-11-29 15:43:34.394 [main] INFO  s.documentation.schema.ModelContextKeyGenerator[46] - Cache Key Generated: java.lang.Void(true)
2019-11-29 15:43:34.395 [main] INFO  s.documentation.spring.web.caching.CachingAspect[79] - Caching aspect applied for cache models with key java.lang.Void(true)
2019-11-29 15:43:34.395 [main] INFO  s.documentation.schema.ModelContextKeyGenerator[46] - Cache Key Generated: java.lang.Void(true)
2019-11-29 15:43:34.395 [main] INFO  s.documentation.spring.web.caching.CachingAspect[79] - Caching aspect applied for cache modelDependencies with key java.lang.Void(true)
2019-11-29 15:43:34.397 [main] INFO  s.documentation.spring.web.OperationsKeyGenerator[51] - Cache key generated: /app/token/user/sendSms.org.hmf.rs.app.AppTokenController.sendSms.DefaultGenericTypeNamingStrategy
2019-11-29 15:43:34.397 [main] INFO  s.documentation.spring.web.caching.CachingAspect[68] - Caching aspect applied for cache operations with key /app/token/user/sendSms.org.hmf.rs.app.AppTokenController.sendSms.DefaultGenericTypeNamingStrategy
2019-11-29 15:43:34.406 [main] INFO  s.d.s.web.ClassOrApiAnnotationResourceGrouping[100] - Group for method sendSms was app-token-controller
2019-11-29 15:43:34.417 [main] INFO  s.d.s.web.ClassOrApiAnnotationResourceGrouping[100] - Group for method sendSms was app-token-controller
2019-11-29 15:43:34.422 [main] INFO  s.documentation.schema.ModelContextKeyGenerator[46] - Cache Key Generated: java.lang.Void(true)
2019-11-29 15:43:34.422 [main] INFO  s.documentation.spring.web.caching.CachingAspect[79] - Caching aspect applied for cache models with key java.lang.Void(true)
2019-11-29 15:43:34.423 [main] INFO  s.documentation.schema.ModelContextKeyGenerator[46] - Cache Key Generated: java.lang.Void(true)
2019-11-29 15:43:34.423 [main] INFO  s.documentation.spring.web.caching.CachingAspect[79] - Caching aspect applied for cache modelDependencies with key java.lang.Void(true)
2019-11-29 15:43:34.424 [main] INFO  s.documentation.spring.web.OperationsKeyGenerator[51] - Cache key generated: /app/token/user/setFriendInfo.org.hmf.rs.app.AppTokenController.setFriendInfo.DefaultGenericTypeNamingStrategy
2019-11-29 15:43:34.424 [main] INFO  s.documentation.spring.web.caching.CachingAspect[68] - Caching aspect applied for cache operations with key /app/token/user/setFriendInfo.org.hmf.rs.app.AppTokenController.setFriendInfo.DefaultGenericTypeNamingStrategy
2019-11-29 15:43:34.431 [main] INFO  s.d.s.web.ClassOrApiAnnotationResourceGrouping[100] - Group for method setFriendInfo was app-token-controller
2019-11-29 15:43:34.434 [main] INFO  s.d.s.web.ClassOrApiAnnotationResourceGrouping[100] - Group for method setFriendInfo was app-token-controller
2019-11-29 15:43:34.439 [main] INFO  s.documentation.schema.ModelContextKeyGenerator[46] - Cache Key Generated: java.lang.Void(true)
2019-11-29 15:43:34.440 [main] INFO  s.documentation.spring.web.caching.CachingAspect[79] - Caching aspect applied for cache models with key java.lang.Void(true)
2019-11-29 15:43:34.440 [main] INFO  s.documentation.schema.ModelContextKeyGenerator[46] - Cache Key Generated: java.lang.Void(true)
2019-11-29 15:43:34.440 [main] INFO  s.documentation.spring.web.caching.CachingAspect[79] - Caching aspect applied for cache modelDependencies with key java.lang.Void(true)
2019-11-29 15:43:34.441 [main] INFO  s.documentation.spring.web.OperationsKeyGenerator[51] - Cache key generated: /app/token/mark/setMark.org.hmf.rs.app.AppTokenController.setMark.DefaultGenericTypeNamingStrategy
2019-11-29 15:43:34.441 [main] INFO  s.documentation.spring.web.caching.CachingAspect[68] - Caching aspect applied for cache operations with key /app/token/mark/setMark.org.hmf.rs.app.AppTokenController.setMark.DefaultGenericTypeNamingStrategy
2019-11-29 15:43:34.448 [main] INFO  s.d.s.web.ClassOrApiAnnotationResourceGrouping[100] - Group for method setMark was app-token-controller
2019-11-29 15:43:34.454 [main] INFO  s.d.s.web.ClassOrApiAnnotationResourceGrouping[100] - Group for method setMark was app-token-controller
2019-11-29 15:43:34.460 [main] INFO  s.documentation.schema.ModelContextKeyGenerator[46] - Cache Key Generated: java.lang.Void(true)
2019-11-29 15:43:34.460 [main] INFO  s.documentation.spring.web.caching.CachingAspect[79] - Caching aspect applied for cache models with key java.lang.Void(true)
2019-11-29 15:43:34.460 [main] INFO  s.documentation.schema.ModelContextKeyGenerator[46] - Cache Key Generated: java.lang.Void(true)
2019-11-29 15:43:34.460 [main] INFO  s.documentation.spring.web.caching.CachingAspect[79] - Caching aspect applied for cache modelDependencies with key java.lang.Void(true)
2019-11-29 15:43:34.461 [main] INFO  s.documentation.spring.web.OperationsKeyGenerator[51] - Cache key generated: /app/token/user/setTypeItem.org.hmf.rs.app.AppTokenController.setTypeItem.DefaultGenericTypeNamingStrategy
2019-11-29 15:43:34.461 [main] INFO  s.documentation.spring.web.caching.CachingAspect[68] - Caching aspect applied for cache operations with key /app/token/user/setTypeItem.org.hmf.rs.app.AppTokenController.setTypeItem.DefaultGenericTypeNamingStrategy
2019-11-29 15:43:34.467 [main] INFO  s.d.s.web.ClassOrApiAnnotationResourceGrouping[100] - Group for method setTypeItem was app-token-controller
2019-11-29 15:43:34.471 [main] INFO  s.d.s.web.ClassOrApiAnnotationResourceGrouping[100] - Group for method setTypeItem was app-token-controller
2019-11-29 15:43:34.476 [main] INFO  s.documentation.schema.ModelContextKeyGenerator[46] - Cache Key Generated: java.lang.Void(true)
2019-11-29 15:43:34.476 [main] INFO  s.documentation.spring.web.caching.CachingAspect[79] - Caching aspect applied for cache models with key java.lang.Void(true)
2019-11-29 15:43:34.476 [main] INFO  s.documentation.schema.ModelContextKeyGenerator[46] - Cache Key Generated: java.lang.Void(true)
2019-11-29 15:43:34.476 [main] INFO  s.documentation.spring.web.caching.CachingAspect[79] - Caching aspect applied for cache modelDependencies with key java.lang.Void(true)
2019-11-29 15:43:34.476 [main] INFO  s.documentation.spring.web.OperationsKeyGenerator[51] - Cache key generated: /app/token/uploads/headImage.org.hmf.rs.app.AppTokenController.upload.DefaultGenericTypeNamingStrategy
2019-11-29 15:43:34.477 [main] INFO  s.documentation.spring.web.caching.CachingAspect[68] - Caching aspect applied for cache operations with key /app/token/uploads/headImage.org.hmf.rs.app.AppTokenController.upload.DefaultGenericTypeNamingStrategy
2019-11-29 15:43:34.482 [main] INFO  s.d.s.web.ClassOrApiAnnotationResourceGrouping[100] - Group for method upload was app-token-controller
2019-11-29 15:43:34.485 [main] INFO  s.d.s.web.ClassOrApiAnnotationResourceGrouping[100] - Group for method upload was app-token-controller
2019-11-29 15:43:34.492 [main] INFO  s.documentation.schema.ModelContextKeyGenerator[46] - Cache Key Generated: java.util.List<java.lang.String>(true)
2019-11-29 15:43:34.492 [main] INFO  s.documentation.spring.web.caching.CachingAspect[79] - Caching aspect applied for cache models with key java.util.List<java.lang.String>(true)
2019-11-29 15:43:34.492 [main] INFO  s.documentation.schema.ModelContextKeyGenerator[46] - Cache Key Generated: java.util.List<java.lang.String>(true)
2019-11-29 15:43:34.492 [main] INFO  s.documentation.spring.web.caching.CachingAspect[79] - Caching aspect applied for cache modelDependencies with key java.util.List<java.lang.String>(true)
2019-11-29 15:43:34.493 [main] INFO  s.d.schema.property.ModelPropertiesKeyGenerator[48] - Cache key generated: java.util.List<java.lang.String>(true)
2019-11-29 15:43:34.493 [main] INFO  s.documentation.spring.web.caching.CachingAspect[68] - Caching aspect applied for cache modelProperties with key java.util.List<java.lang.String>(true)
2019-11-29 15:43:34.493 [main] INFO  s.documentation.spring.web.OperationsKeyGenerator[51] - Cache key generated: /app/token/uploads/imageWall.org.hmf.rs.app.AppTokenController.uploads.DefaultGenericTypeNamingStrategy
2019-11-29 15:43:34.494 [main] INFO  s.documentation.spring.web.caching.CachingAspect[68] - Caching aspect applied for cache operations with key /app/token/uploads/imageWall.org.hmf.rs.app.AppTokenController.uploads.DefaultGenericTypeNamingStrategy
2019-11-29 15:43:34.497 [main] INFO  s.d.s.web.ClassOrApiAnnotationResourceGrouping[100] - Group for method uploads was app-token-controller
2019-11-29 15:43:34.501 [main] INFO  s.d.s.web.ClassOrApiAnnotationResourceGrouping[100] - Group for method uploads was app-token-controller
2019-11-29 15:43:34.507 [main] INFO  s.documentation.schema.ModelContextKeyGenerator[46] - Cache Key Generated: java.lang.Boolean(true)
2019-11-29 15:43:34.507 [main] INFO  s.documentation.spring.web.caching.CachingAspect[79] - Caching aspect applied for cache models with key java.lang.Boolean(true)
2019-11-29 15:43:34.507 [main] INFO  s.documentation.schema.ModelContextKeyGenerator[46] - Cache Key Generated: java.lang.Boolean(true)
2019-11-29 15:43:34.507 [main] INFO  s.documentation.spring.web.caching.CachingAspect[79] - Caching aspect applied for cache modelDependencies with key java.lang.Boolean(true)
2019-11-29 15:43:34.508 [main] INFO  s.documentation.spring.web.OperationsKeyGenerator[51] - Cache key generated: /app/token/user/verifySms.org.hmf.rs.app.AppTokenController.verifySms.DefaultGenericTypeNamingStrategy
2019-11-29 15:43:34.508 [main] INFO  s.documentation.spring.web.caching.CachingAspect[68] - Caching aspect applied for cache operations with key /app/token/user/verifySms.org.hmf.rs.app.AppTokenController.verifySms.DefaultGenericTypeNamingStrategy
2019-11-29 15:43:34.519 [main] INFO  s.d.s.web.ClassOrApiAnnotationResourceGrouping[100] - Group for method verifySms was app-token-controller
2019-11-29 15:43:34.525 [main] INFO  s.d.s.web.ClassOrApiAnnotationResourceGrouping[100] - Group for method verifySms was app-token-controller
2019-11-29 15:43:34.553 [main] INFO  org.apache.coyote.http11.Http11NioProtocol[173] - Starting ProtocolHandler ["http-nio-8080"]
2019-11-29 15:43:34.570 [main] INFO  org.apache.tomcat.util.net.NioSelectorPool[173] - Using a shared selector for servlet write/read
2019-11-29 15:43:34.575 [main] ERROR org.apache.catalina.util.LifecycleBase[175] - Failed to start component [Connector[HTTP/1.1-8080]]
org.apache.catalina.LifecycleException: Protocol handler start failed
	at org.apache.catalina.connector.Connector.startInternal(Connector.java:1001)
	at org.apache.catalina.util.LifecycleBase.start(LifecycleBase.java:183)
	at org.apache.catalina.core.StandardService.addConnector(StandardService.java:225)
	at org.springframework.boot.web.embedded.tomcat.TomcatWebServer.addPreviouslyRemovedConnectors(TomcatWebServer.java:259)
	at org.springframework.boot.web.embedded.tomcat.TomcatWebServer.start(TomcatWebServer.java:197)
	at org.springframework.boot.web.servlet.context.ServletWebServerApplicationContext.startWebServer(ServletWebServerApplicationContext.java:311)
	at org.springframework.boot.web.servlet.context.ServletWebServerApplicationContext.finishRefresh(ServletWebServerApplicationContext.java:164)
	at org.springframework.context.support.AbstractApplicationContext.refresh(AbstractApplicationContext.java:549)
	at org.springframework.boot.web.servlet.context.ServletWebServerApplicationContext.refresh(ServletWebServerApplicationContext.java:142)
	at org.springframework.boot.SpringApplication.refresh(SpringApplication.java:775)
	at org.springframework.boot.SpringApplication.refreshContext(SpringApplication.java:397)
	at org.springframework.boot.SpringApplication.run(SpringApplication.java:316)
	at org.springframework.boot.SpringApplication.run(SpringApplication.java:1260)
	at org.springframework.boot.SpringApplication.run(SpringApplication.java:1248)
	at org.hmf.rs.RightslipApplication.main(RightslipApplication.java:21)
Caused by: java.net.BindException: Address already in use: bind
	at sun.nio.ch.Net.bind0(Native Method)
	at sun.nio.ch.Net.bind(Net.java:433)
	at sun.nio.ch.Net.bind(Net.java:425)
	at sun.nio.ch.ServerSocketChannelImpl.bind(ServerSocketChannelImpl.java:223)
	at sun.nio.ch.ServerSocketAdaptor.bind(ServerSocketAdaptor.java:74)
	at org.apache.tomcat.util.net.NioEndpoint.initServerSocket(NioEndpoint.java:236)
	at org.apache.tomcat.util.net.NioEndpoint.bind(NioEndpoint.java:210)
	at org.apache.tomcat.util.net.AbstractEndpoint.bindWithCleanup(AbstractEndpoint.java:1067)
	at org.apache.tomcat.util.net.AbstractEndpoint.start(AbstractEndpoint.java:1149)
	at org.apache.coyote.AbstractProtocol.start(AbstractProtocol.java:561)
	at org.apache.catalina.connector.Connector.startInternal(Connector.java:998)
	... 14 common frames omitted
2019-11-29 15:43:34.586 [main] INFO  org.apache.coyote.http11.Http11NioProtocol[173] - Pausing ProtocolHandler ["http-nio-8080"]
2019-11-29 15:43:34.586 [main] INFO  org.apache.catalina.core.StandardService[173] - Stopping service [Tomcat]
2019-11-29 15:43:34.600 [main] INFO  org.apache.catalina.util.LifecycleBase[173] - The stop() method was called on component [StandardServer[-1]] after stop() had already been called. The second call will be ignored.
2019-11-29 15:43:34.600 [main] INFO  org.apache.coyote.http11.Http11NioProtocol[173] - Stopping ProtocolHandler ["http-nio-8080"]
2019-11-29 15:43:34.600 [main] INFO  org.apache.coyote.http11.Http11NioProtocol[173] - Destroying ProtocolHandler ["http-nio-8080"]
2019-11-29 15:43:34.608 [main] INFO  o.s.b.a.l.ConditionEvaluationReportLoggingListener[142] - 

Error starting ApplicationContext. To display the conditions report re-run your application with 'debug' enabled.
2019-11-29 15:43:34.616 [main] ERROR o.s.b.diagnostics.LoggingFailureAnalysisReporter[42] - 

***************************
APPLICATION FAILED TO START
***************************

Description:

The Tomcat connector configured to listen on port 8080 failed to start. The port may already be in use or the connector may be misconfigured.

Action:

Verify the connector's configuration, identify and stop any process that's listening on port 8080, or configure this application to listen on another port.

2019-11-29 15:43:34.621 [main] INFO  o.s.scheduling.concurrent.ThreadPoolTaskScheduler[208] - Shutting down ExecutorService 'taskScheduler'
